2025-09-22 10:17:38 [info]: Incoming request {
  "ip": "::1"
}
2025-09-22 10:17:38 [info]: Secret token verified 
2025-09-22 10:17:38 [info]: Rate limit OK {
  "ip": "::1"
}
2025-09-22 10:17:38 [info]: Incoming request {
  "ip": "::1"
}
2025-09-22 10:17:38 [info]: Secret token verified 
2025-09-22 10:17:38 [info]: Rate limit OK {
  "ip": "::1"
}
2025-09-22 10:17:38 [info]: Fetching all users {
  "action": "getAllUser",
  "page": 1,
  "limit": 1000000
}
2025-09-22 10:17:38 [info]: Users retrieved {
  "total": 1,
  "count": 1,
  "page": 1,
  "ip": "::1"
}
